367390.00 ns: l.nop putc (A)
367690.00 ns: l.nop putc (d)
367990.00 ns: l.nop putc (d)
368290.00 ns: l.nop putc (i)
368590.00 ns: l.nop putc (t)
368890.00 ns: l.nop putc (i)
369190.00 ns: l.nop putc (o)
369490.00 ns: l.nop putc (n)
369790.00 ns: l.nop putc ( )
370090.00 ns: l.nop putc (o)
370390.00 ns: l.nop putc (f)
370690.00 ns: l.nop putc ( )
370990.00 ns: l.nop putc (n)
371290.00 ns: l.nop putc (u)
371590.00 ns: l.nop putc (m)
371890.00 ns: l.nop putc (b)
372270.00 ns: l.nop putc (e)
372570.00 ns: l.nop putc (r)
372870.00 ns: l.nop putc (s)
373170.00 ns: l.nop putc ( )
373470.00 ns: l.nop putc (i)
373770.00 ns: l.nop putc (s)
374070.00 ns: l.nop putc ( )
374370.00 ns: l.nop putc (:)
374670.00 ns: l.nop putc ( )
374970.00 ns: l.nop putc (1)
375270.00 ns: l.nop putc (1)
375570.00 ns: l.nop putc ( )
375870.00 ns: l.nop putc (
)
440030.00 ns: l.nop exit (00000000)
